[2018-04-06 06:13:01] DeviceLogs.INFO: Exec Query :: SELECT e.EmployeeCode,e.EmployeeName,d.DeviceLogId,d.DeviceId,d.UserId,d.Direction,d.AttDirection,d.LogDate FROM DeviceLogs_6_2017 d INNER JOIN `Employees` e on e.`EmployeeCode` = d.`UserId`  WHERE d.`UserId` >=:startUid AND d.`userId`<=:endUid AND ( d.`DeviceId`=6 OR d.`DeviceId`=8 )  AND  d.`logDate` >=:startTime AND d.`logDate`<=:endTime ORDER BY d.`UserId` ASC, d.`logDate` ASC  [] []
[2018-04-06 06:13:01] DeviceLogs.INFO: Exec Vars :: a:4:{s:8:"startUid";s:7:"1800000";s:6:"endUid";s:7:"1800099";s:9:"startTime";s:20:"6/21/2017 1:00:00 PM";s:7:"endTime";s:20:"6/21/2017 2:00:00 PM";} [] []
[2018-04-06 06:13:58] DeviceLogs.INFO: Exec Query :: SELECT e.EmployeeCode,e.EmployeeName,d.DeviceLogId,d.DeviceId,d.UserId,d.Direction,d.AttDirection,d.LogDate FROM DeviceLogs_6_2017 d INNER JOIN `Employees` e on e.`EmployeeCode` = d.`UserId`  WHERE d.`UserId` >=:startUid AND d.`userId`<=:endUid AND ( d.`DeviceId`=6 OR d.`DeviceId`=8 )  AND  d.`logDate` >=:startTime AND d.`logDate`<=:endTime ORDER BY d.`UserId` ASC, d.`logDate` ASC  [] []
[2018-04-06 06:13:58] DeviceLogs.INFO: Exec Vars :: a:4:{s:8:"startUid";s:7:"1800000";s:6:"endUid";s:7:"1800099";s:9:"startTime";s:20:"6/21/2017 1:00:00 PM";s:7:"endTime";s:20:"6/21/2017 2:00:00 PM";} [] []
[2018-04-06 06:13:58] DeviceLogs.INFO: Results fetched  :: 39 [] []
[2018-04-06 06:13:58] DeviceLogs.INFO: Cache created on  :: dev_logs_date_2017-06-21_hour_13 [] []
[2018-04-06 06:18:12] DeviceLogs.INFO: Exec Query :: SELECT e.EmployeeCode,e.EmployeeName,d.DeviceLogId,d.DeviceId,d.UserId,d.Direction,d.AttDirection,d.LogDate FROM DeviceLogs_6_2017 d INNER JOIN `Employees` e on e.`EmployeeCode` = d.`UserId`  WHERE d.`UserId` >=:startUid AND d.`userId`<=:endUid AND ( d.`DeviceId`=6 OR d.`DeviceId`=8 )  AND  d.`logDate` >=:startTime AND d.`logDate`<=:endTime ORDER BY d.`UserId` ASC, d.`logDate` ASC  [] []
[2018-04-06 06:18:12] DeviceLogs.INFO: Exec Vars :: a:4:{s:8:"startUid";s:7:"1800000";s:6:"endUid";s:7:"1800099";s:9:"startTime";s:20:"6/21/2017 1:00:00 PM";s:7:"endTime";s:20:"6/21/2017 2:00:00 PM";} [] []
[2018-04-06 06:18:12] DeviceLogs.INFO: Results fetched  :: 39 [] []
[2018-04-06 06:18:12] DeviceLogs.INFO: Cache created on  :: dev_logs_date_2017-06-21_hour_13 [] []
[2018-04-06 06:19:52] DeviceLogs.INFO: Exec Query :: SELECT e.EmployeeCode,e.EmployeeName,d.DeviceLogId,d.DeviceId,d.UserId,d.Direction,d.AttDirection,d.LogDate FROM DeviceLogs_6_2017 d INNER JOIN `Employees` e on e.`EmployeeCode` = d.`UserId`  WHERE d.`UserId` >=:startUid AND d.`userId`<=:endUid AND ( d.`DeviceId`=6 OR d.`DeviceId`=8 )  AND  d.`logDate` >=:startTime AND d.`logDate`<=:endTime ORDER BY d.`UserId` ASC, d.`logDate` ASC  [] []
[2018-04-06 06:19:52] DeviceLogs.INFO: Exec Vars :: a:4:{s:8:"startUid";s:7:"1800000";s:6:"endUid";s:7:"1800099";s:9:"startTime";s:20:"6/21/2017 1:00:00 PM";s:7:"endTime";s:20:"6/21/2017 2:00:00 PM";} [] []
[2018-04-06 06:19:52] DeviceLogs.INFO: Results fetched  :: 39 [] []
[2018-04-06 06:19:52] DeviceLogs.INFO: Cache created on  :: dev_logs_date_2017-06-21_hour_13 [] []
[2018-04-06 06:22:13] DeviceLogs.INFO: Exec Query :: SELECT e.EmployeeCode,e.EmployeeName,d.DeviceLogId,d.DeviceId,d.UserId,d.Direction,d.AttDirection,d.LogDate FROM DeviceLogs_6_2017 d INNER JOIN `Employees` e on e.`EmployeeCode` = d.`UserId`  WHERE d.`UserId` >=:startUid AND d.`userId`<=:endUid AND ( d.`DeviceId`=6 OR d.`DeviceId`=8  OR d.`DeviceId`=11)  AND  d.`DeviceLogId` >:startLogId AND d.`logDate`<=:endTime ORDER BY d.`UserId` ASC, d.`logDate` ASC  [] []
[2018-04-06 06:22:13] DeviceLogs.INFO: Exec Vars :: a:4:{s:8:"startUid";s:7:"1800000";s:6:"endUid";s:7:"1800099";s:10:"startLogId";s:4:"6632";s:7:"endTime";s:20:"6/21/2017 6:00:00 AM";} [] []
[2018-04-06 06:22:13] DeviceLogs.INFO: Results fetched  :: 0 [] []
[2018-04-06 06:22:13] DeviceLogs.INFO: Cache created on  :: dev_logs_date_2017-06-21_hour_5 [] []
[2018-04-06 06:22:21] DeviceLogs.INFO: Exec Query :: SELECT e.EmployeeCode,e.EmployeeName,d.DeviceLogId,d.DeviceId,d.UserId,d.Direction,d.AttDirection,d.LogDate FROM DeviceLogs_6_2017 d INNER JOIN `Employees` e on e.`EmployeeCode` = d.`UserId`  WHERE d.`UserId` >=:startUid AND d.`userId`<=:endUid AND ( d.`DeviceId`=6 OR d.`DeviceId`=8  OR d.`DeviceId`=11)  AND  d.`DeviceLogId` >:startLogId AND d.`logDate`<=:endTime ORDER BY d.`UserId` ASC, d.`logDate` ASC  [] []
[2018-04-06 06:22:21] DeviceLogs.INFO: Exec Vars :: a:4:{s:8:"startUid";s:7:"1800000";s:6:"endUid";s:7:"1800099";s:10:"startLogId";s:4:"6632";s:7:"endTime";s:21:"6/21/2017 10:00:00 AM";} [] []
[2018-04-06 06:22:21] DeviceLogs.INFO: Results fetched  :: 0 [] []
[2018-04-06 06:22:21] DeviceLogs.INFO: Cache created on  :: dev_logs_date_2017-06-21_hour_9 [] []
[2018-04-06 06:22:29] DeviceLogs.INFO: Exec Query :: SELECT e.EmployeeCode,e.EmployeeName,d.DeviceLogId,d.DeviceId,d.UserId,d.Direction,d.AttDirection,d.LogDate FROM DeviceLogs_6_2017 d INNER JOIN `Employees` e on e.`EmployeeCode` = d.`UserId`  WHERE d.`UserId` >=:startUid AND d.`userId`<=:endUid AND ( d.`DeviceId`=6 OR d.`DeviceId`=8  OR d.`DeviceId`=11)  AND  d.`DeviceLogId` >:startLogId AND d.`logDate`<=:endTime ORDER BY d.`UserId` ASC, d.`logDate` ASC  [] []
[2018-04-06 06:22:29] DeviceLogs.INFO: Exec Vars :: a:4:{s:8:"startUid";s:7:"1800000";s:6:"endUid";s:7:"1800099";s:10:"startLogId";s:4:"6632";s:7:"endTime";s:21:"6/21/2017 11:00:00 AM";} [] []
[2018-04-06 06:22:29] DeviceLogs.INFO: Results fetched  :: 0 [] []
[2018-04-06 06:22:29] DeviceLogs.INFO: Cache created on  :: dev_logs_date_2017-06-21_hour_10 [] []
[2018-04-06 06:22:39] DeviceLogs.INFO: Exec Query :: SELECT e.EmployeeCode,e.EmployeeName,d.DeviceLogId,d.DeviceId,d.UserId,d.Direction,d.AttDirection,d.LogDate FROM DeviceLogs_6_2017 d INNER JOIN `Employees` e on e.`EmployeeCode` = d.`UserId`  WHERE d.`UserId` >=:startUid AND d.`userId`<=:endUid AND ( d.`DeviceId`=6 OR d.`DeviceId`=8  OR d.`DeviceId`=11)  AND  d.`DeviceLogId` >:startLogId AND d.`logDate`<=:endTime ORDER BY d.`UserId` ASC, d.`logDate` ASC  [] []
[2018-04-06 06:22:39] DeviceLogs.INFO: Exec Vars :: a:4:{s:8:"startUid";s:7:"1800000";s:6:"endUid";s:7:"1800099";s:10:"startLogId";s:4:"6632";s:7:"endTime";s:21:"6/22/2017 11:00:00 AM";} [] []
[2018-04-06 06:22:39] DeviceLogs.INFO: Results fetched  :: 326 [] []
[2018-04-06 06:22:39] DeviceLogs.INFO: Cache created on  :: dev_logs_date_2017-06-22_hour_10 [] []
[2018-04-06 06:23:17] DeviceLogs.INFO: Exec Query :: SELECT e.EmployeeCode,e.EmployeeName,d.DeviceLogId,d.DeviceId,d.UserId,d.Direction,d.AttDirection,d.LogDate FROM DeviceLogs_6_2017 d INNER JOIN `Employees` e on e.`EmployeeCode` = d.`UserId`  WHERE d.`UserId` >=:startUid AND d.`userId`<=:endUid AND ( d.`DeviceId`=6 OR d.`DeviceId`=8  OR d.`DeviceId`=11)  AND  d.`DeviceLogId` >:startLogId AND d.`logDate`<=:endTime ORDER BY d.`UserId` ASC, d.`logDate` ASC  [] []
[2018-04-06 06:23:17] DeviceLogs.INFO: Exec Vars :: a:4:{s:8:"startUid";s:7:"1800000";s:6:"endUid";s:7:"1800099";s:10:"startLogId";s:4:"6939";s:7:"endTime";s:20:"6/22/2017 1:00:00 PM";} [] []
[2018-04-06 06:23:17] DeviceLogs.INFO: Results fetched  :: 131 [] []
[2018-04-06 06:23:17] DeviceLogs.INFO: Cache created on  :: dev_logs_date_2017-06-22_hour_12 [] []
[2018-04-06 06:23:40] DeviceLogs.INFO: Exec Query :: SELECT e.EmployeeCode,e.EmployeeName,d.DeviceLogId,d.DeviceId,d.UserId,d.Direction,d.AttDirection,d.LogDate FROM DeviceLogs_6_2017 d INNER JOIN `Employees` e on e.`EmployeeCode` = d.`UserId`  WHERE d.`UserId` >=:startUid AND d.`userId`<=:endUid AND ( d.`DeviceId`=6 OR d.`DeviceId`=8  OR d.`DeviceId`=11)  AND  d.`DeviceLogId` >:startLogId AND d.`logDate`<=:endTime ORDER BY d.`UserId` ASC, d.`logDate` ASC  [] []
[2018-04-06 06:23:40] DeviceLogs.INFO: Exec Vars :: a:4:{s:8:"startUid";s:7:"1800000";s:6:"endUid";s:7:"1800099";s:10:"startLogId";s:4:"6990";s:7:"endTime";s:20:"6/22/2017 4:00:00 PM";} [] []
[2018-04-06 06:23:40] DeviceLogs.INFO: Results fetched  :: 195 [] []
[2018-04-06 06:23:40] DeviceLogs.INFO: Cache created on  :: dev_logs_date_2017-06-22_hour_15 [] []
[2018-04-06 06:24:59] DeviceLogs.INFO: Exec Query :: SELECT e.EmployeeCode,e.EmployeeName,d.DeviceLogId,d.DeviceId,d.UserId,d.Direction,d.AttDirection,d.LogDate FROM DeviceLogs_4_2018 d INNER JOIN `Employees` e on e.`EmployeeCode` = d.`UserId`  WHERE d.`UserId` >=:startUid AND d.`userId`<=:endUid AND ( d.`DeviceId`=6 OR d.`DeviceId`=8  OR d.`DeviceId`=11)  AND  d.`DeviceLogId` >:startLogId AND d.`logDate`<=:endTime ORDER BY d.`UserId` ASC, d.`logDate` ASC  [] []
[2018-04-06 06:24:59] DeviceLogs.INFO: Exec Vars :: a:4:{s:8:"startUid";s:7:"1800000";s:6:"endUid";s:7:"1800099";s:10:"startLogId";s:4:"7256";s:7:"endTime";s:19:"4/6/2018 7:00:00 AM";} [] []
[2018-04-06 06:25:53] DeviceLogs.INFO: Exec Query :: SELECT e.EmployeeCode,e.EmployeeName,d.DeviceLogId,d.DeviceId,d.UserId,d.Direction,d.AttDirection,d.LogDate FROM DeviceLogs_4_2018 d INNER JOIN `Employees` e on e.`EmployeeCode` = d.`UserId`  WHERE d.`UserId` >=:startUid AND d.`userId`<=:endUid AND ( d.`DeviceId`=6 OR d.`DeviceId`=8  OR d.`DeviceId`=11)  AND  d.`DeviceLogId` >:startLogId AND d.`logDate`<=:endTime ORDER BY d.`UserId` ASC, d.`logDate` ASC  [] []
[2018-04-06 06:25:53] DeviceLogs.INFO: Exec Vars :: a:4:{s:8:"startUid";s:7:"1800000";s:6:"endUid";s:7:"1800099";s:10:"startLogId";s:4:"7256";s:7:"endTime";s:19:"4/6/2018 7:00:00 AM";} [] []
[2018-04-06 06:26:45] DeviceLogs.INFO: Exec Query :: SELECT e.EmployeeCode,e.EmployeeName,d.DeviceLogId,d.DeviceId,d.UserId,d.Direction,d.AttDirection,d.LogDate FROM DeviceLogs_4_2018 d INNER JOIN `Employees` e on e.`EmployeeCode` = d.`UserId`  WHERE d.`UserId` >=:startUid AND d.`userId`<=:endUid AND ( d.`DeviceId`=6 OR d.`DeviceId`=8  OR d.`DeviceId`=11)  AND  d.`DeviceLogId` >:startLogId AND d.`logDate`<=:endTime ORDER BY d.`UserId` ASC, d.`logDate` ASC  [] []
[2018-04-06 06:26:45] DeviceLogs.INFO: Exec Vars :: a:4:{s:8:"startUid";s:7:"1800000";s:6:"endUid";s:7:"1800099";s:10:"startLogId";s:4:"7256";s:7:"endTime";s:19:"4/6/2018 7:00:00 AM";} [] []
